Error: CCI compilation error -c:\users\user\documents\github\kursloadrunner\скрипты\01_userregistration\\pre_cci.c: Action.c:21: error: undeclared identifier `Users'.	[MsgId: MERR-19799]
Error: CCI compilation error -c:\users\user\documents\github\kursloadrunner\скрипты\01_userregistration\\pre_cci.c: Action.c:21: error: type error: pointer expected.	[MsgId: MERR-19799]
Error: CCI compilation error -c:\users\user\documents\github\kursloadrunner\скрипты\01_userregistration\\pre_cci.c: Action.c:21: error: type error: pointer expected.	[MsgId: MERR-19799]
Error: CCI compilation error -c:\users\user\documents\github\kursloadrunner\скрипты\01_userregistration\\pre_cci.c: Action.c:21: warning: expression with no effect elided.	[MsgId: MERR-19799]
Error: CCI compilation error -c:\users\user\documents\github\kursloadrunner\скрипты\01_userregistration\\pre_cci.c: Action.c:23: error: syntax error; found `int' expecting `;'.	[MsgId: MERR-19799]
Error: CCI compilation error -c:\users\user\documents\github\kursloadrunner\скрипты\01_userregistration\\pre_cci.c: Action.c:23: error: syntax error; found `int' expecting `;'.	[MsgId: MERR-19799]
Error: CCI compilation error -c:\users\user\documents\github\kursloadrunner\скрипты\01_userregistration\\pre_cci.c: Action.c:23: error: syntax error; found `int' expecting `)'.	[MsgId: MERR-19799]
Error: CCI compilation error -c:\users\user\documents\github\kursloadrunner\скрипты\01_userregistration\\pre_cci.c: Action.c:23: error: skipping `int'.	[MsgId: MERR-19799]
Error: CCI compilation error -c:\users\user\documents\github\kursloadrunner\скрипты\01_userregistration\\pre_cci.c: Action.c:23: error: undeclared identifier `i'.	[MsgId: MERR-19799]
Error: CCI compilation error -c:\users\user\documents\github\kursloadrunner\скрипты\01_userregistration\\pre_cci.c: Action.c:23: warning: expression with no effect elided.	[MsgId: MERR-19799]
Error: CCI compilation error -c:\users\user\documents\github\kursloadrunner\скрипты\01_userregistration\\pre_cci.c: Action.c:23: warning: unreachable code.	[MsgId: MERR-19799]
Error: CCI compilation error -c:\users\user\documents\github\kursloadrunner\скрипты\01_userregistration\\pre_cci.c: Action.c:23: error: syntax error; found `)' expecting `;'.	[MsgId: MERR-19799]
Error: CCI compilation error -c:\users\user\documents\github\kursloadrunner\скрипты\01_userregistration\\pre_cci.c: Action.c:23: error: illegal statement termination.	[MsgId: MERR-19799]
Error: CCI compilation error -c:\users\user\documents\github\kursloadrunner\скрипты\01_userregistration\\pre_cci.c: Action.c:23: error: skipping `)'.	[MsgId: MERR-19799]
Error: CCI compilation error -c:\users\user\documents\github\kursloadrunner\скрипты\01_userregistration\\pre_cci.c: Action.c:24: error: syntax error; found `int' expecting `;'.	[MsgId: MERR-19799]
Error: CCI compilation error -c:\users\user\documents\github\kursloadrunner\скрипты\01_userregistration\\pre_cci.c: Action.c:24: error: syntax error; found `int' expecting `;'.	[MsgId: MERR-19799]
Error: CCI compilation error -c:\users\user\documents\github\kursloadrunner\скрипты\01_userregistration\\pre_cci.c: Action.c:24: error: syntax error; found `int' expecting `)'.	[MsgId: MERR-19799]
Error: CCI compilation error -c:\users\user\documents\github\kursloadrunner\скрипты\01_userregistration\\pre_cci.c: Action.c:24: error: skipping `int'.	[MsgId: MERR-19799]
Error: CCI compilation error -c:\users\user\documents\github\kursloadrunner\скрипты\01_userregistration\\pre_cci.c: Action.c:24: error: undeclared identifier `j'.	[MsgId: MERR-19799]
Error: CCI compilation error -c:\users\user\documents\github\kursloadrunner\скрипты\01_userregistration\\pre_cci.c: Action.c:24: warning: expression with no effect elided.	[MsgId: MERR-19799]
Error: CCI compilation error -c:\users\user\documents\github\kursloadrunner\скрипты\01_userregistration\\pre_cci.c: Action.c:24: warning: unreachable code.	[MsgId: MERR-19799]
Error: CCI compilation error -c:\users\user\documents\github\kursloadrunner\скрипты\01_userregistration\\pre_cci.c: Action.c:24: error: syntax error; found `)' expecting `;'.	[MsgId: MERR-19799]
Error: CCI compilation error -c:\users\user\documents\github\kursloadrunner\скрипты\01_userregistration\\pre_cci.c: Action.c:24: error: illegal statement termination.	[MsgId: MERR-19799]
Error: CCI compilation error -c:\users\user\documents\github\kursloadrunner\скрипты\01_userregistration\\pre_cci.c: Action.c:24: error: skipping `)'.	[MsgId: MERR-19799]
Error: CCI compilation error -c:\users\user\documents\github\kursloadrunner\скрипты\01_userregistration\\pre_cci.c: Action.c:25: error: type error: pointer expected.	[MsgId: MERR-19799]
Error: CCI compilation error -c:\users\user\documents\github\kursloadrunner\скрипты\01_userregistration\\pre_cci.c: Action.c:25: error: too many errors.	[MsgId: MERR-19799]
Error: Vuser compilation failed. Please set CCIDebug to Off in CCI section of mdrv.dat file.	[MsgId: MERR-19797]
Warning: Extension cciext.dll reports error -19797 on call to function ExtPerProcessInitialize	[MsgId: MWAR-10485]
Error: Thread Context: Call to service of the driver failed, reason - thread context wasn't initialized on this thread.	[MsgId: MERR-10176]
